<?xml version="1.0" encoding="UTF-8"?>
<testng-results skipped="0" failed="0" ignored="0" total="1" passed="1">
  <reporter-output>
  </reporter-output>
  <suite name="Default suite" duration-ms="16725" started-at="2018-04-28T10:24:57Z" finished-at="2018-04-28T10:25:13Z">
    <groups>
    </groups>
    <test name="Default test" duration-ms="16725" started-at="2018-04-28T10:24:57Z" finished-at="2018-04-28T10:25:13Z">
      <class name="maven.spicejet">
        <test-method status="PASS" signature="launchApplication()[pri:0, instance:maven.spicejet@61832929]" name="launchApplication" is-config="true" duration-ms="7232" started-at="2018-04-28T10:24:57Z" finished-at="2018-04-28T10:25:04Z">
          <reporter-output>
          </reporter-output>
        </test-method> <!-- launchApplication -->
        <test-method status="PASS" signature="f()[pri:0, instance:maven.spicejet@61832929]" name="f" duration-ms="4600" started-at="2018-04-28T10:25:04Z" finished-at="2018-04-28T10:25:08Z">
          <reporter-output>
          </reporter-output>
        </test-method> <!-- f -->
        <test-method status="PASS" signature="CloseBrowser()[pri:0, instance:maven.spicejet@61832929]" name="CloseBrowser" is-config="true" duration-ms="4874" started-at="2018-04-28T10:25:08Z" finished-at="2018-04-28T10:25:13Z">
          <reporter-output>
          </reporter-output>
        </test-method> <!-- CloseBrowser -->
      </class> <!-- maven.spicejet -->
    </test> <!-- Default test -->
  </suite> <!-- Default suite -->
</testng-results>
